Log file open, 03/11/17 14:29:58
LogInit:Display: Running engine for game: The_Lunchbox
LogPlatformFile: Not using cached read wrapper
LogInit:Display: RandInit(-627305530) SRandInit(-627305530).
LogTaskGraph: Started task graph with 5 named threads and 8 total threads with 1 sets of task threads.
LogStats: Stats thread started at 0.069794
LogPluginManager: Loaded Plugin Paper2D, From X:/Programs/Unreal Engine 4/Epic Games/4.13/Engine/Plugins/2D/Paper2D/Paper2D.uplugin
LogPluginManager: Loaded Plugin LightPropagationVolume, From X:/Programs/Unreal Engine 4/Epic Games/4.13/Engine/Plugins/Blendables/LightPropagationVolume/LightPropagationVolume.uplugin
LogPluginManager: Loaded Plugin BlankPlugin, From X:/Programs/Unreal Engine 4/Epic Games/4.13/Engine/Plugins/Developer/BlankPlugin/BlankPlugin.uplugin
LogPluginManager: Loaded Plugin CodeLiteSourceCodeAccess, From X:/Programs/Unreal Engine 4/Epic Games/4.13/Engine/Plugins/Developer/CodeLiteSourceCodeAccess/CodeLiteSourceCodeAccess.uplugin
LogPluginManager: Loaded Plugin GitSourceControl, From X:/Programs/Unreal Engine 4/Epic Games/4.13/Engine/Plugins/Developer/GitSourceControl/GitSourceControl.uplugin
LogPluginManager: Loaded Plugin KDevelopSourceCodeAccess, From X:/Programs/Unreal Engine 4/Epic Games/4.13/Engine/Plugins/Developer/KDevelopSourceCodeAccess/KDevelopSourceCodeAccess.uplugin
LogPluginManager: Loaded Plugin NullSourceCodeAccess, From X:/Programs/Unreal Engine 4/Epic Games/4.13/Engine/Plugins/Developer/NullSourceCodeAccess/NullSourceCodeAccess.uplugin
LogPluginManager: Loaded Plugin OneSkyLocalizationService, From X:/Programs/Unreal Engine 4/Epic Games/4.13/Engine/Plugins/Developer/OneSkyLocalizationService/OneSkyLocalizationService.uplugin
LogPluginManager: Loaded Plugin PerforceSourceControl, From X:/Programs/Unreal Engine 4/Epic Games/4.13/Engine/Plugins/Developer/PerforceSourceControl/PerforceSourceControl.uplugin
LogPluginManager: Loaded Plugin SubversionSourceControl, From X:/Programs/Unreal Engine 4/Epic Games/4.13/Engine/Plugins/Developer/SubversionSourceControl/SubversionSourceControl.uplugin
LogPluginManager: Loaded Plugin UObjectPlugin, From X:/Programs/Unreal Engine 4/Epic Games/4.13/Engine/Plugins/Developer/UObjectPlugin/UObjectPlugin.uplugin
LogPluginManager: Loaded Plugin VisualStudioSourceCodeAccess, From X:/Programs/Unreal Engine 4/Epic Games/4.13/Engine/Plugins/Developer/VisualStudioSourceCodeAccess/VisualStudioSourceCodeAccess.uplugin
LogPluginManager: Loaded Plugin XCodeSourceCodeAccess, From X:/Programs/Unreal Engine 4/Epic Games/4.13/Engine/Plugins/Developer/XCodeSourceCodeAccess/XCodeSourceCodeAccess.uplugin
LogPluginManager: Loaded Plugin EpicSurvey, From X:/Programs/Unreal Engine 4/Epic Games/4.13/Engine/Plugins/Editor/EpicSurvey/EpicSurvey.uplugin
LogPluginManager: Loaded Plugin MacGraphicsSwitching, From X:/Programs/Unreal Engine 4/Epic Games/4.13/Engine/Plugins/Editor/MacGraphicsSwitching/MacGraphicsSwitching.uplugin
LogPluginManager: Loaded Plugin MobileLauncherProfileWizard, From X:/Programs/Unreal Engine 4/Epic Games/4.13/Engine/Plugins/Editor/MobileLauncherProfileWizard/MobileLauncherProfileWizard.uplugin
LogPluginManager: Loaded Plugin PluginBrowser, From X:/Programs/Unreal Engine 4/Epic Games/4.13/Engine/Plugins/Editor/PluginBrowser/PluginBrowser.uplugin
LogPluginManager: Loaded Plugin SpeedTreeImporter, From X:/Programs/Unreal Engine 4/Epic Games/4.13/Engine/Plugins/Editor/SpeedTreeImporter/SpeedTreeImporter.uplugin
LogPluginManager: Loaded Plugin SuperSearchEditor, From X:/Programs/Unreal Engine 4/Epic Games/4.13/Engine/Plugins/Editor/SuperSearchEditor/SuperSearchEditor.uplugin
LogPluginManager: Loaded Plugin AlembicImporter, From X:/Programs/Unreal Engine 4/Epic Games/4.13/Engine/Plugins/Experimental/AlembicImporter/AlembicImporter.uplugin
LogPluginManager: Loaded Plugin BlueprintStats, From X:/Programs/Unreal Engine 4/Epic Games/4.13/Engine/Plugins/Experimental/BlueprintStats/BlueprintStats.uplugin
LogPluginManager: Loaded Plugin CharacterAI, From X:/Programs/Unreal Engine 4/Epic Games/4.13/Engine/Plugins/Experimental/CharacterAI/CharacterAI.uplugin
LogPluginManager: Loaded Plugin CodeEditor, From X:/Programs/Unreal Engine 4/Epic Games/4.13/Engine/Plugins/Experimental/CodeEditor/CodeEditor.uplugin
LogPluginManager: Loaded Plugin CodeView, From X:/Programs/Unreal Engine 4/Epic Games/4.13/Engine/Plugins/Experimental/CodeView/CodeView.uplugin
LogPluginManager: Loaded Plugin HTML5Networking, From X:/Programs/Unreal Engine 4/Epic Games/4.13/Engine/Plugins/Experimental/HTML5Networking/HTML5Networking.uplugin
LogPluginManager: Loaded Plugin LiveEditor, From X:/Programs/Unreal Engine 4/Epic Games/4.13/Engine/Plugins/Experimental/LiveEditor/LiveEditor.uplugin
LogPluginManager: Loaded Plugin OSVR, From X:/Programs/Unreal Engine 4/Epic Games/4.13/Engine/Plugins/Experimental/OSVR/OSVR.uplugin
LogPluginManager: Loaded Plugin Phya, From X:/Programs/Unreal Engine 4/Epic Games/4.13/Engine/Plugins/Experimental/Phya/Phya.uplugin
LogPluginManager: Loaded Plugin SignificanceManager, From X:/Programs/Unreal Engine 4/Epic Games/4.13/Engine/Plugins/Experimental/SignificanceManager/SignificanceManager.uplugin
LogPluginManager: Loaded Plugin SimpleHMD, From X:/Programs/Unreal Engine 4/Epic Games/4.13/Engine/Plugins/Experimental/SimpleHMD/SimpleHMD.uplugin
LogPluginManager: Loaded Plugin StereoPanorama, From X:/Programs/Unreal Engine 4/Epic Games/4.13/Engine/Plugins/Experimental/StereoPanorama/StereoPanorama.uplugin
LogPluginManager: Loaded Plugin StructBox, From X:/Programs/Unreal Engine 4/Epic Games/4.13/Engine/Plugins/Experimental/StructBox/StructBox.uplugin
LogPluginManager: Loaded Plugin Substance, From X:/Programs/Unreal Engine 4/Epic Games/4.13/Engine/Plugins/Marketplace/Substance/Substance.uplugin
LogPluginManager: Loaded Plugin AndroidMedia, From X:/Programs/Unreal Engine 4/Epic Games/4.13/Engine/Plugins/Media/AndroidMedia/AndroidMedia.uplugin
LogPluginManager: Loaded Plugin AvfMedia, From X:/Programs/Unreal Engine 4/Epic Games/4.13/Engine/Plugins/Media/AvfMedia/AvfMedia.uplugin
LogPluginManager: Loaded Plugin MediaPlayerEditor, From X:/Programs/Unreal Engine 4/Epic Games/4.13/Engine/Plugins/Media/MediaPlayerEditor/MediaPlayerEditor.uplugin
LogPluginManager: Loaded Plugin WmfMedia, From X:/Programs/Unreal Engine 4/Epic Games/4.13/Engine/Plugins/Media/WmfMedia/WmfMedia.uplugin
LogPluginManager: Loaded Plugin MessagingDebugger, From X:/Programs/Unreal Engine 4/Epic Games/4.13/Engine/Plugins/Messaging/MessagingDebugger/MessagingDebugger.uplugin
LogPluginManager: Loaded Plugin TcpMessaging, From X:/Programs/Unreal Engine 4/Epic Games/4.13/Engine/Plugins/Messaging/TcpMessaging/TcpMessaging.uplugin
LogPluginManager: Loaded Plugin UdpMessaging, From X:/Programs/Unreal Engine 4/Epic Games/4.13/Engine/Plugins/Messaging/UdpMessaging/UdpMessaging.uplugin
LogPluginManager: Loaded Plugin LevelSequenceEditor, From X:/Programs/Unreal Engine 4/Epic Games/4.13/Engine/Plugins/MovieScene/LevelSequenceEditor/LevelSequenceEditor.uplugin
LogPluginManager: Loaded Plugin MatineeToLevelSequence, From X:/Programs/Unreal Engine 4/Epic Games/4.13/Engine/Plugins/MovieScene/MatineeToLevelSequence/MatineeToLevelSequence.uplugin
LogPluginManager: Loaded Plugin NetcodeUnitTest, From X:/Programs/Unreal Engine 4/Epic Games/4.13/Engine/Plugins/NetcodeUnitTest/NetcodeUnitTest/NetcodeUnitTest.uplugin
LogPluginManager: Loaded Plugin NUTUnrealEngine4, From X:/Programs/Unreal Engine 4/Epic Games/4.13/Engine/Plugins/NetcodeUnitTest/NUTUnrealEngine4/NUTUnrealEngine4.uplugin
LogPluginManager: Loaded Plugin OnlineSubsystemGooglePlay, From X:/Programs/Unreal Engine 4/Epic Games/4.13/Engine/Plugins/Online/Android/OnlineSubsystemGooglePlay/OnlineSubsystemGooglePlay.uplugin
LogPluginManager: Loaded Plugin OnlineSubsystemIOS, From X:/Programs/Unreal Engine 4/Epic Games/4.13/Engine/Plugins/Online/IOS/OnlineSubsystemIOS/OnlineSubsystemIOS.uplugin
LogPluginManager: Loaded Plugin OnlineFramework, From X:/Programs/Unreal Engine 4/Epic Games/4.13/Engine/Plugins/Online/OnlineFramework/OnlineFramework.uplugin
LogPluginManager: Loaded Plugin OnlineSubsystem, From X:/Programs/Unreal Engine 4/Epic Games/4.13/Engine/Plugins/Online/OnlineSubsystem/OnlineSubsystem.uplugin
LogPluginManager: Loaded Plugin OnlineSubsystemAmazon, From X:/Programs/Unreal Engine 4/Epic Games/4.13/Engine/Plugins/Online/OnlineSubsystemAmazon/OnlineSubsystemAmazon.uplugin
LogPluginManager: Loaded Plugin OnlineSubsystemFacebook, From X:/Programs/Unreal Engine 4/Epic Games/4.13/Engine/Plugins/Online/OnlineSubsystemFacebook/OnlineSubsystemFacebook.uplugin
LogPluginManager: Loaded Plugin OnlineSubsystemNull, From X:/Programs/Unreal Engine 4/Epic Games/4.13/Engine/Plugins/Online/OnlineSubsystemNull/OnlineSubsystemNull.uplugin
LogPluginManager: Loaded Plugin OnlineSubsystemOculus, From X:/Programs/Unreal Engine 4/Epic Games/4.13/Engine/Plugins/Online/OnlineSubsystemOculus/OnlineSubsystemOculus.uplugin
LogPluginManager: Loaded Plugin OnlineSubsystemSteam, From X:/Programs/Unreal Engine 4/Epic Games/4.13/Engine/Plugins/Online/OnlineSubsystemSteam/OnlineSubsystemSteam.uplugin
LogPluginManager: Loaded Plugin OnlineSubsystemUtils, From X:/Programs/Unreal Engine 4/Epic Games/4.13/Engine/Plugins/Online/OnlineSubsystemUtils/OnlineSubsystemUtils.uplugin
LogPluginManager: Loaded Plugin IOSTapJoy, From X:/Programs/Unreal Engine 4/Epic Games/4.13/Engine/Plugins/Runtime/Advertising/IOSTapJoy/IOSTapJoy.uplugin
LogPluginManager: Loaded Plugin AnalyticsBlueprintLibrary, From X:/Programs/Unreal Engine 4/Epic Games/4.13/Engine/Plugins/Runtime/Analytics/AnalyticsBlueprintLibrary/AnalyticsBlueprintLibrary.uplugin
LogPluginManager: Loaded Plugin AnalyticsMulticast, From X:/Programs/Unreal Engine 4/Epic Games/4.13/Engine/Plugins/Runtime/Analytics/AnalyticsMulticast/AnalyticsMulticast.uplugin
LogPluginManager: Loaded Plugin Apsalar, From X:/Programs/Unreal Engine 4/Epic Games/4.13/Engine/Plugins/Runtime/Analytics/Apsalar/Apsalar.uplugin
LogPluginManager: Loaded Plugin FileLogging, From X:/Programs/Unreal Engine 4/Epic Games/4.13/Engine/Plugins/Runtime/Analytics/FileLogging/FileLogging.uplugin
LogPluginManager: Loaded Plugin Flurry, From X:/Programs/Unreal Engine 4/Epic Games/4.13/Engine/Plugins/Runtime/Analytics/Flurry/Flurry.uplugin
LogPluginManager: Loaded Plugin AndroidDeviceProfileSelector, From X:/Programs/Unreal Engine 4/Epic Games/4.13/Engine/Plugins/Runtime/AndroidDeviceProfileSelector/AndroidDeviceProfileSelector.uplugin
LogPluginManager: Loaded Plugin AndroidMoviePlayer, From X:/Programs/Unreal Engine 4/Epic Games/4.13/Engine/Plugins/Runtime/AndroidMoviePlayer/AndroidMoviePlayer.uplugin
LogPluginManager: Loaded Plugin AppleMoviePlayer, From X:/Programs/Unreal Engine 4/Epic Games/4.13/Engine/Plugins/Runtime/AppleMoviePlayer/AppleMoviePlayer.uplugin
LogPluginManager: Loaded Plugin ArchVisCharacter, From X:/Programs/Unreal Engine 4/Epic Games/4.13/Engine/Plugins/Runtime/ArchVisCharacter/ArchVisCharacter.uplugin
LogPluginManager: Loaded Plugin CableComponent, From X:/Programs/Unreal Engine 4/Epic Games/4.13/Engine/Plugins/Runtime/CableComponent/CableComponent.uplugin
LogPluginManager: Loaded Plugin CustomMeshComponent, From X:/Programs/Unreal Engine 4/Epic Games/4.13/Engine/Plugins/Runtime/CustomMeshComponent/CustomMeshComponent.uplugin
LogPluginManager: Loaded Plugin ExampleDeviceProfileSelector, From X:/Programs/Unreal Engine 4/Epic Games/4.13/Engine/Plugins/Runtime/ExampleDeviceProfileSelector/ExampleDeviceProfileSelector.uplugin
LogPluginManager: Loaded Plugin GearVR, From X:/Programs/Unreal Engine 4/Epic Games/4.13/Engine/Plugins/Runtime/GearVR/GearVR.uplugin
LogPluginManager: Loaded Plugin GoogleVRController, From X:/Programs/Unreal Engine 4/Epic Games/4.13/Engine/Plugins/Runtime/GoogleVR/GoogleVRController/GoogleVRController.uplugin
LogPluginManager: Loaded Plugin GoogleVRHMD, From X:/Programs/Unreal Engine 4/Epic Games/4.13/Engine/Plugins/Runtime/GoogleVR/GoogleVRHMD/GoogleVRHMD.uplugin
LogPluginManager: Loaded Plugin IOSDeviceProfileSelector, From X:/Programs/Unreal Engine 4/Epic Games/4.13/Engine/Plugins/Runtime/IOSDeviceProfileSelector/IOSDeviceProfileSelector.uplugin
LogPluginManager: Loaded Plugin LeapMotion, From X:/Programs/Unreal Engine 4/Epic Games/4.13/Engine/Plugins/Runtime/LeapMotion/LeapMotion.uplugin
LogPluginManager: Loaded Plugin LinuxDeviceProfileSelector, From X:/Programs/Unreal Engine 4/Epic Games/4.13/Engine/Plugins/Runtime/LinuxDeviceProfileSelector/LinuxDeviceProfileSelector.uplugin
LogPluginManager: Loaded Plugin LiveEditorListenServer, From X:/Programs/Unreal Engine 4/Epic Games/4.13/Engine/Plugins/Runtime/LiveEditorListenServer/LiveEditorListenServer.uplugin
LogPluginManager: Loaded Plugin OculusAudio, From X:/Programs/Unreal Engine 4/Epic Games/4.13/Engine/Plugins/Runtime/OculusAudio/OculusAudio.uplugin
LogPluginManager: Loaded Plugin OculusInput, From X:/Programs/Unreal Engine 4/Epic Games/4.13/Engine/Plugins/Runtime/OculusInput/OculusInput.uplugin
LogPluginManager: Loaded Plugin OculusLibrary, From X:/Programs/Unreal Engine 4/Epic Games/4.13/Engine/Plugins/Runtime/OculusLibrary/OculusLibrary.uplugin
LogPluginManager: Loaded Plugin OculusRift, From X:/Programs/Unreal Engine 4/Epic Games/4.13/Engine/Plugins/Runtime/OculusRift/OculusRift.uplugin
LogPluginManager: Loaded Plugin Oodle, From X:/Programs/Unreal Engine 4/Epic Games/4.13/Engine/Plugins/Runtime/PacketHandlers/CompressionComponents/Oodle/Oodle.uplugin
LogPluginManager: Loaded Plugin ProceduralMeshComponent, From X:/Programs/Unreal Engine 4/Epic Games/4.13/Engine/Plugins/Runtime/ProceduralMeshComponent/ProceduralMeshComponent.uplugin
LogPluginManager: Loaded Plugin SoundMod, From X:/Programs/Unreal Engine 4/Epic Games/4.13/Engine/Plugins/Runtime/SoundMod/SoundMod.uplugin
LogPluginManager: Loaded Plugin SoundVisualizations, From X:/Programs/Unreal Engine 4/Epic Games/4.13/Engine/Plugins/Runtime/SoundVisualizations/SoundVisualizations.uplugin
LogPluginManager: Loaded Plugin SteamController, From X:/Programs/Unreal Engine 4/Epic Games/4.13/Engine/Plugins/Runtime/Steam/SteamController/SteamController.uplugin
LogPluginManager: Loaded Plugin SteamVR, From X:/Programs/Unreal Engine 4/Epic Games/4.13/Engine/Plugins/Runtime/Steam/SteamVR/SteamVR.uplugin
LogPluginManager: Loaded Plugin WebBrowserWidget, From X:/Programs/Unreal Engine 4/Epic Games/4.13/Engine/Plugins/Runtime/WebBrowserWidget/WebBrowserWidget.uplugin
LogPluginManager: Loaded Plugin WindowsDeviceProfileSelector, From X:/Programs/Unreal Engine 4/Epic Games/4.13/Engine/Plugins/Runtime/WindowsDeviceProfileSelector/WindowsDeviceProfileSelector.uplugin
LogPluginManager: Loaded Plugin WindowsMoviePlayer, From X:/Programs/Unreal Engine 4/Epic Games/4.13/Engine/Plugins/Runtime/WindowsMoviePlayer/WindowsMoviePlayer.uplugin
LogPluginManager: Loaded Plugin ScriptPlugin, From X:/Programs/Unreal Engine 4/Epic Games/4.13/Engine/Plugins/ScriptPlugin/ScriptPlugin.uplugin
LogPluginManager: Loaded Plugin SlateRemote, From X:/Programs/Unreal Engine 4/Epic Games/4.13/Engine/Plugins/Slate/SlateRemote/SlateRemote.uplugin
LogInit: Using libcurl 7.47.1
LogInit:  - built for x86_64-pc-win32
LogInit:  - supports SSL with WinSSL
LogInit:  - other features:
LogInit:      CURL_VERSION_SSL
LogInit:      CURL_VERSION_IPV6
LogInit:      CURL_VERSION_ASYNCHDNS
LogInit:      CURL_VERSION_LARGEFILE
LogInit:      CURL_VERSION_IDN
LogInit:  CurlRequestOptions (configurable via config and command line):
LogInit:  - bVerifyPeer = false  - Libcurl will NOT verify peer certificate
LogInit:  - bUseHttpProxy = false  - Libcurl will NOT use HTTP proxy
LogInit:  - bDontReuseConnections = false  - Libcurl will reuse connections
LogInit:  - CertBundlePath = nullptr  - Libcurl will use whatever was configured at build time.
LogInit: Build: ++UE4+Release-4.13-CL-3142249
LogInit: Engine Version: 4.13.1-3142249+++UE4+Release-4.13
LogInit: Compatible Engine Version: 4.13.0-3106830+++UE4+Release-4.13
LogInit: Net CL: 3142249
LogDevObjectVersion: Number of dev versions registered: 13
LogDevObjectVersion:   Dev-Blueprints (B0D832E4-1F89-4F0D-ACCF-7EB736FD4AA2): 5
LogDevObjectVersion:   Dev-Build (E1C64328-A22C-4D53-A36C-8E866417BD8C): 0
LogDevObjectVersion:   Dev-Core (375EC13C-06E4-48FB-B500-84F0262A717E): 1
LogDevObjectVersion:   Dev-Editor (E4B068ED-F494-42E9-A231-DA0B2E46BB41): 6
LogDevObjectVersion:   Dev-Framework (CFFC743F-43B0-4480-9391-14DF171D2073): 12
LogDevObjectVersion:   Dev-Mobile (B02B49B5-BB20-44E9-A304-32B752E40360): 0
LogDevObjectVersion:   Dev-Networking (A4E4105C-59A1-49B5-A7C5-40C4547EDFEE): 0
LogDevObjectVersion:   Dev-Online (39C831C9-5AE6-47DC-9A44-9C173E1C8E7C): 0
LogDevObjectVersion:   Dev-Physics (78F01B33-EBEA-4F98-B9B4-84EACCB95AA2): 0
LogDevObjectVersion:   Dev-Platform (6631380F-2D4D-43E0-8009-CF276956A95A): 0
LogDevObjectVersion:   Dev-Rendering (12F88B9F-8875-4AFC-A67C-D90C383ABD29): 4
LogDevObjectVersion:   Dev-Sequencer (7B5AE74C-D270-4C10-A958-57980B212A5A): 0
LogDevObjectVersion:   Dev-VR (D7296918-1DD6-4BDD-9DE2-64A83CC13884): 0
LogInit: Compiled (64-bit): Sep 28 2016 02:12:12
LogInit: Compiled with Visual C++: 19.00.23026.00
LogInit: Build Configuration: Development
LogInit: Branch Name: ++UE4+Release-4.13
LogInit: Command line:  
LogInit: Base directory: X:/Programs/Unreal Engine 4/Epic Games/4.13/Engine/Binaries/Win64/
LogInit: Installed Engine Build: 1
LogInit: Presizing for max 8388607 objects, including 0 objects not considered by GC, pre-allocating 0 bytes for permanent pool.
LogInit: Object subsystem initialized
[2017.03.11-22.29.58:219][  0]LogInit: Selected Device Profile: [Windows]
[2017.03.11-22.29.58:219][  0]LogInit: Applying CVar settings loaded from the selected device profile: [Windows]
[2017.03.11-22.29.58:231][  0]LogInit: Computer: ZOLRAK-PC
[2017.03.11-22.29.58:231][  0]LogInit: User: Zolrak
[2017.03.11-22.29.58:231][  0]LogInit: CPU Page size=65536, Cores=4
[2017.03.11-22.29.58:231][  0]LogInit: High frequency timer resolution =3.222677 MHz
[2017.03.11-22.29.58:231][  0]LogMemory: Memory total: Physical=24.0GB (24GB approx)
[2017.03.11-22.29.58:231][  0]LogMemory: Platform Memory Stats for Windows
[2017.03.11-22.29.58:231][  0]LogMemory: Process Physical Memory: 256.69 MB used, 256.69 MB peak
[2017.03.11-22.29.58:231][  0]LogMemory: Process Virtual Memory: 259.93 MB used, 259.93 MB peak
[2017.03.11-22.29.58:231][  0]LogMemory: Physical Memory: 10843.77 MB used, 24525.68 MB total
[2017.03.11-22.29.58:231][  0]LogMemory: Virtual Memory: 622.36 MB used, 134217728.00 MB total
[2017.03.11-22.29.58:273][  0]LogTextLocalizationManager: No specific translations for ('en-US') exist, so ('en') translations will be used.
[2017.03.11-22.29.59:022][  0]LogD3D11RHI: D3D11 adapters:
[2017.03.11-22.29.59:602][  0]LogD3D11RHI:    0. 'NVIDIA GeForce GTX 1070' (Feature Level 11_0)
[2017.03.11-22.29.59:602][  0]LogD3D11RHI:       8119/0/12262 MB DedicatedVideo/DedicatedSystem/SharedSystem, Outputs:2, VendorId:0x10de
[2017.03.11-22.29.59:604][  0]LogD3D11RHI:    1. 'Microsoft Basic Render Driver' (Feature Level 11_0)
[2017.03.11-22.29.59:604][  0]LogD3D11RHI:       0/0/12262 MB DedicatedVideo/DedicatedSystem/SharedSystem, Outputs:0, VendorId:0x1414
[2017.03.11-22.29.59:604][  0]LogD3D11RHI: Chosen D3D11 Adapter: 0
[2017.03.11-22.29.59:610][  0]LogD3D11RHI: Creating new Direct3DDevice
[2017.03.11-22.29.59:610][  0]LogD3D11RHI:     GPU DeviceId: 0x1b81 (for the marketing name, search the web for "GPU Device Id")
[2017.03.11-22.29.59:610][  0]LogWindows: EnumDisplayDevices:
[2017.03.11-22.29.59:610][  0]LogWindows:    0. 'NVIDIA GeForce GTX 1070' (P:1 D:1)
[2017.03.11-22.29.59:610][  0]LogWindows:    1. 'NVIDIA GeForce GTX 1070' (P:0 D:1)
[2017.03.11-22.29.59:611][  0]LogWindows:    2. 'NVIDIA GeForce GTX 1070' (P:0 D:0)
[2017.03.11-22.29.59:611][  0]LogWindows:    3. 'NVIDIA GeForce GTX 1070' (P:0 D:0)
[2017.03.11-22.29.59:611][  0]LogWindows: DebugString: FoundDriverCount:4 
[2017.03.11-22.29.59:611][  0]LogD3D11RHI:     Adapter Name: NVIDIA GeForce GTX 1070
[2017.03.11-22.29.59:611][  0]LogD3D11RHI:   Driver Version: 378.66 (internal:21.21.13.7866, unified:378.66)
[2017.03.11-22.29.59:611][  0]LogD3D11RHI:      Driver Date: 2-9-2017
[2017.03.11-22.29.59:611][  0]LogRHI: Texture pool is 1361 MB (70% of 1945 MB)
[2017.03.11-22.30.00:131][  0]LogD3D11RHI: Async texture creation enabled
[2017.03.11-22.30.00:256][  0]LogD3D11RHI: GPU Timing Frequency: 1000.000000 (Debug: 2 1)
[2017.03.11-22.30.00:256][  0]LogShaderCompilers: Guid format shader working directory is -55 characters bigger than the processId version (../../../../../../../Documents/SchoolWork/LMU/Spring2017/Thesis/GitRepo/ThesisGitRepo/The_Lunchbox_UE/Intermediate/Shaders/WorkingDirectory/15832/).
[2017.03.11-22.30.00:257][  0]LogShaderCompilers: Cleaned the shader compiler working directory 'C:/Users/Zolrak/AppData/Local/Temp/UnrealShaderWorkingDir/F85C403B49978B07F23F1B908A9BB04F/'.
[2017.03.11-22.30.00:257][  0]LogShaderCompilers:Display: Using Local Shader Compiler.
[2017.03.11-22.30.02:258][  0]LogTemp:Display: Loaded TP AllDesktopTargetPlatform
[2017.03.11-22.30.02:273][  0]LogTemp:Display: Loaded TP WindowsClientTargetPlatform
[2017.03.11-22.30.02:298][  0]LogTemp:Display: Loaded TP WindowsNoEditorTargetPlatform
[2017.03.11-22.30.02:321][  0]LogTemp:Display: Loaded TP WindowsServerTargetPlatform
[2017.03.11-22.30.02:338][  0]LogTemp:Display: Loaded TP WindowsTargetPlatform
[2017.03.11-22.30.02:400][  0]LogTemp:Display: Loaded TP AndroidTargetPlatform
[2017.03.11-22.30.02:430][  0]LogTemp:Display: Loaded TP Android_ASTCTargetPlatform
[2017.03.11-22.30.02:448][  0]LogTemp:Display: Loaded TP Android_ATCTargetPlatform
[2017.03.11-22.30.02:463][  0]LogTemp:Display: Loaded TP Android_DXTTargetPlatform
[2017.03.11-22.30.02:478][  0]LogTemp:Display: Loaded TP Android_ETC1TargetPlatform
[2017.03.11-22.30.02:508][  0]LogTemp:Display: Loaded TP Android_ETC2TargetPlatform
[2017.03.11-22.30.02:562][  0]LogTemp:Display: Loaded TP Android_MultiTargetPlatform
[2017.03.11-22.30.02:562][  0]LogTemp:Display: Loaded TP Android_PVRTCTargetPlatform
[2017.03.11-22.30.02:570][  0]LogTemp:Display: Loaded TP HTML5TargetPlatform
[2017.03.11-22.30.02:621][  0]LogTemp:Display: Loaded TP IOSTargetPlatform
[2017.03.11-22.30.02:632][  0]LogTemp:Display: Loaded TP TVOSTargetPlatform
[2017.03.11-22.30.02:645][  0]LogTemp:Display: Loaded TP LinuxClientTargetPlatform
[2017.03.11-22.30.02:654][  0]LogTemp:Display: Loaded TP LinuxNoEditorTargetPlatform
[2017.03.11-22.30.02:661][  0]LogTemp:Display: Loaded TP LinuxServerTargetPlatform
[2017.03.11-22.30.02:669][  0]LogTemp:Display: Loaded TP LinuxTargetPlatform
[2017.03.11-22.30.02:669][  0]LogTargetPlatformManager:Display: Building Assets For Windows
[2017.03.11-22.30.02:788][  0]LogDerivedDataCache:Display: Max Cache Size: 512 MB
[2017.03.11-22.30.02:924][  0]LogDerivedDataCache: Loaded boot cache 0.14s 65MB C:/Users/Zolrak/AppData/Local/UnrealEngine/4.13/DerivedDataCache/Boot.ddc.
[2017.03.11-22.30.02:924][  0]LogDerivedDataCache:Display: Loaded Boot cache: C:/Users/Zolrak/AppData/Local/UnrealEngine/4.13/DerivedDataCache/Boot.ddc
[2017.03.11-22.30.02:925][  0]LogDerivedDataCache: FDerivedDataBackendGraph:  Pak pak cache file ../../../../../../../Documents/SchoolWork/LMU/Spring2017/Thesis/GitRepo/ThesisGitRepo/The_Lunchbox_UE/DerivedDataCache/DDC.ddp not found, will not use a pak cache.
[2017.03.11-22.30.02:925][  0]LogDerivedDataCache: Unable to find inner node Pak for hierarchical cache Hierarchy.
[2017.03.11-22.30.02:925][  0]LogDerivedDataCache: FDerivedDataBackendGraph:  CompressedPak pak cache file ../../../../../../../Documents/SchoolWork/LMU/Spring2017/Thesis/GitRepo/ThesisGitRepo/The_Lunchbox_UE/DerivedDataCache/Compressed.ddp not found, will not use a pak cache.
[2017.03.11-22.30.02:925][  0]LogDerivedDataCache: Unable to find inner node CompressedPak for hierarchical cache Hierarchy.
[2017.03.11-22.30.02:946][  0]LogDerivedDataCache:Display: Pak cache opened for reading ../../../Engine/DerivedDataCache/Compressed.ddp.
[2017.03.11-22.30.02:958][  0]LogDerivedDataCache: Using Local data cache path C:/Users/Zolrak/AppData/Local/UnrealEngine/Common/DerivedDataCache: Writable
[2017.03.11-22.30.03:252][  0]LogInit: Selected Device Profile: [Windows]
[2017.03.11-22.30.03:255][  0]LogContentStreaming: Texture pool size is 0.00 MB
[2017.03.11-22.30.03:458][  0]LogMeshUtilities: No automatic mesh reduction module available
[2017.03.11-22.30.03:458][  0]LogMeshUtilities: No automatic mesh merging module available
[2017.03.11-22.30.03:458][  0]LogMeshUtilities: No distributed automatic mesh merging module available
[2017.03.11-22.30.03:611][  0]LogMaterial: Uniform references updated for custom material expression Custom.
[2017.03.11-22.30.04:030][  0]LogNetVersion: GetLocalNetworkVersion: CL: 3106830, ProjectName: the_lunchbox, ProjectVersion: , EngineNetworkVersion: 1, GameNetworkVersion: 0, NetworkChecksum: 3842845708
[2017.03.11-22.30.04:069][  0]LogAssetRegistry: FAssetRegistry took 0.0214 seconds to start up
[2017.03.11-22.30.04:106][  0]LogPackageLocalizationCache: Processed 3 localized package path(s) for 2 prioritized culture(s) in 0.035401 seconds
[2017.03.11-22.30.04:113][  0]LogUObjectArray: 29778 objects as part of root set at end of initial load.
[2017.03.11-22.30.04:113][  0]LogUObjectAllocator: 6125448 out of 0 bytes used by permanent object pool.
[2017.03.11-22.30.04:113][  0]LogUObjectArray: CloseDisregardForGC: 0/0 objects in disregard for GC pool
[2017.03.11-22.30.04:120][  0]LogInit: WinSock: version 1.1 (2.2), MaxSocks=32767, MaxUdp=65467
[2017.03.11-22.30.04:403][  0]LogSlate: SlateFontCache - WITH_FREETYPE: 1, WITH_HARFBUZZ: 1
[2017.03.11-22.30.04:403][  0]LogSlate: SlateFontCache - WITH_FREETYPE: 1, WITH_HARFBUZZ: 1
[2017.03.11-22.30.05:447][  0]LogSubstanceCoreModule: Substance CPU Engine Loaded, Max Texture Size 2048
[2017.03.11-22.30.05:461][  0]LogTcpMessaging: Initializing TcpMessaging bridge
[2017.03.11-22.30.05:485][  0]LogUdpMessaging: Initializing bridge on interface 0.0.0.0:0 to multicast group 230.0.0.1:6666.
[2017.03.11-22.30.05:912][  0]SourceControl: Info Source control is disabled
[2017.03.11-22.30.05:964][  0]SourceControl: Info Source control is disabled
[2017.03.11-22.30.05:979][  0]SourceControl: Info Source control is disabled
[2017.03.11-22.30.05:999][  0]SourceControl: Info Source control is disabled
[2017.03.11-22.30.06:482][  0]LogEngine: Initializing Engine...
[2017.03.11-22.30.06:494][  0]LogHMD: Failed to initialize OpenVR with code 108
[2017.03.11-22.30.06:662][  0]LogAIModule: Creating AISystem for world Untitled
[2017.03.11-22.30.06:690][  0]LogInit: XAudio2 using 'Speakers (Realtek High Definition Audio)' : 8 channels at 48 kHz using 32 bits per sample (channel mask 0x63f)
[2017.03.11-22.30.06:709][  0]LogInit: FAudioDevice initialized.
[2017.03.11-22.30.06:746][  0]LogDerivedDataCache: Saved boot cache 0.04s 65MB C:/Users/Zolrak/AppData/Local/UnrealEngine/4.13/DerivedDataCache/Boot.ddc.
[2017.03.11-22.30.06:771][  0]LogInit: Texture streaming: Enabled
[2017.03.11-22.30.06:829][  0]LogInit: Transaction tracking system initialized
[2017.03.11-22.30.06:938][  0]BlueprintLog: New page: Editor Load
[2017.03.11-22.30.07:044][  0]LocalizationService: Info Localization service is disabled
[2017.03.11-22.30.07:572][  0]LogConsoleResponse:Display: 
[2017.03.11-22.30.07:699][  0]LogCook:Display: Max memory allowance for cook 16384mb min free memory 0mb
[2017.03.11-22.30.07:699][  0]LogCook:Display: Mobile HDR setting 0
[2017.03.11-22.30.07:981][  0]LogFileCache: Scanning file cache for directory 'X:/Documents/SchoolWork/LMU/Spring2017/Thesis/GitRepo/ThesisGitRepo/The_Lunchbox_UE/Content/' took 0.02s
[2017.03.11-22.30.08:021][  0]SourceControl: Info Source control is disabled
[2017.03.11-22.30.08:021][  0]Cmd: MAP LOAD FILE="../../../../../../../Documents/SchoolWork/LMU/Spring2017/Thesis/GitRepo/ThesisGitRepo/The_Lunchbox_UE/Content/Maps/MotionControllerMap.umap" TEMPLATE=0 SHOWPROGRESS=1 FEATURELEVEL=3
[2017.03.11-22.30.08:022][  0]LightingResults: New page: Lighting Build
[2017.03.11-22.30.08:024][  0]MapCheck: New page: Map Check
[2017.03.11-22.30.08:024][  0]LightingResults: New page: Lighting Build
[2017.03.11-22.30.08:649][  0]LogLinker:Warning: Asset '../../../../../../../Documents/SchoolWork/LMU/Spring2017/Thesis/GitRepo/ThesisGitRepo/The_Lunchbox_UE/Content/VRDemo_Assets/Materials/GunTrace_MAT.uasset' has been saved with empty engine version. The asset will be loaded but may be incompatible.
[2017.03.11-22.30.08:649][  0]LogLinker:Warning: Asset '../../../../../../../Documents/SchoolWork/LMU/Spring2017/Thesis/GitRepo/ThesisGitRepo/The_Lunchbox_UE/Content/VRDemo_Assets/Materials/Gradient_BWB_RGB.uasset' has been saved with empty engine version. The asset will be loaded but may be incompatible.
[2017.03.11-22.30.09:515][  0]LogLinker:Warning: Can't find file '/Game/Geometry/Materials/M_redTarget'
[2017.03.11-22.30.09:515][  0]LogLinker:Warning: Can't find file for asset '/Game/Geometry/Materials/M_redTarget' while loading ../../../../../../../Documents/SchoolWork/LMU/Spring2017/Thesis/GitRepo/ThesisGitRepo/The_Lunchbox_UE/Content/Props/Targets/SM_TargetPlane_DM.uasset.
[2017.03.11-22.30.09:515][  0]LoadErrors:Error: Error /Game/Props/Targets/SM_TargetPlane_DM : Can't find file for asset. /Game/Geometry/Materials/M_redTarget
[2017.03.11-22.30.09:515][  0]LogLinker:Warning: Can't find file '/Game/Geometry/Materials/M_redTarget'
[2017.03.11-22.30.09:516][  0]LogLinker:Warning: Can't find file for asset '/Game/Geometry/Materials/M_redTarget' while loading ../../../../../../../Documents/SchoolWork/LMU/Spring2017/Thesis/GitRepo/ThesisGitRepo/The_Lunchbox_UE/Content/Props/Targets/SM_TargetPlane_DM.uasset.
[2017.03.11-22.30.09:516][  0]LoadErrors:Error: Error /Game/Props/Targets/SM_TargetPlane_DM : Can't find file for asset. /Game/Geometry/Materials/M_redTarget
[2017.03.11-22.30.09:521][  0]LogLinker:Warning: Can't find file '/Engine/BasicShapes/M_GreenScreen'
[2017.03.11-22.30.09:521][  0]LogLinker:Warning: Can't find file for asset '/Engine/BasicShapes/M_GreenScreen' while loading ../../../../../../../Documents/SchoolWork/LMU/Spring2017/Thesis/GitRepo/ThesisGitRepo/The_Lunchbox_UE/Content/Maps/MotionControllerMap.umap.
[2017.03.11-22.30.09:521][  0]LoadErrors:Error: Error /Game/Maps/MotionControllerMap : Can't find file for asset. /Engine/BasicShapes/M_GreenScreen
[2017.03.11-22.30.09:521][  0]LogLinker:Warning: Can't find file '/Engine/BasicShapes/M_MatWall_Inst'
[2017.03.11-22.30.09:521][  0]LogLinker:Warning: Can't find file for asset '/Engine/BasicShapes/M_MatWall_Inst' while loading ../../../../../../../Documents/SchoolWork/LMU/Spring2017/Thesis/GitRepo/ThesisGitRepo/The_Lunchbox_UE/Content/Maps/MotionControllerMap.umap.
[2017.03.11-22.30.09:521][  0]LoadErrors:Error: Error /Game/Maps/MotionControllerMap : Can't find file for asset. /Engine/BasicShapes/M_MatWall_Inst
[2017.03.11-22.30.09:522][  0]LogLinker:Warning: Can't find file '/Engine/BasicShapes/M_GreenScreen'
[2017.03.11-22.30.09:522][  0]LogLinker:Warning: Can't find file for asset '/Engine/BasicShapes/M_GreenScreen' while loading ../../../../../../../Documents/SchoolWork/LMU/Spring2017/Thesis/GitRepo/ThesisGitRepo/The_Lunchbox_UE/Content/Maps/MotionControllerMap.umap.
[2017.03.11-22.30.09:522][  0]LoadErrors:Error: Error /Game/Maps/MotionControllerMap : Can't find file for asset. /Engine/BasicShapes/M_GreenScreen
[2017.03.11-22.30.09:522][  0]LogLinker:Warning: Can't find file '/Engine/BasicShapes/M_MatWall_Inst'
[2017.03.11-22.30.09:522][  0]LogLinker:Warning: Can't find file for asset '/Engine/BasicShapes/M_MatWall_Inst' while loading ../../../../../../../Documents/SchoolWork/LMU/Spring2017/Thesis/GitRepo/ThesisGitRepo/The_Lunchbox_UE/Content/Maps/MotionControllerMap.umap.
[2017.03.11-22.30.09:522][  0]LoadErrors:Error: Error /Game/Maps/MotionControllerMap : Can't find file for asset. /Engine/BasicShapes/M_MatWall_Inst
[2017.03.11-22.30.09:599][  0]LogLinker:Warning: Can't find file '/Game/Materials/M_Basic_Inst'
[2017.03.11-22.30.09:599][  0]LogLinker:Warning: Can't find file for asset '/Game/Materials/M_Basic_Inst' while loading ../../../../../../../Documents/SchoolWork/LMU/Spring2017/Thesis/GitRepo/ThesisGitRepo/The_Lunchbox_UE/Content/Props/Sets/Building_00.uasset.
[2017.03.11-22.30.09:599][  0]LoadErrors:Error: Error /Game/Props/Sets/Building_00 : Can't find file for asset. /Game/Materials/M_Basic_Inst
[2017.03.11-22.30.09:599][  0]LogLinker:Warning: Can't find file '/Game/Materials/M_Basic_Inst'
[2017.03.11-22.30.09:600][  0]LogLinker:Warning: Can't find file for asset '/Game/Materials/M_Basic_Inst' while loading ../../../../../../../Documents/SchoolWork/LMU/Spring2017/Thesis/GitRepo/ThesisGitRepo/The_Lunchbox_UE/Content/Props/Sets/Building_00.uasset.
[2017.03.11-22.30.09:600][  0]LoadErrors:Error: Error /Game/Props/Sets/Building_00 : Can't find file for asset. /Game/Materials/M_Basic_Inst
[2017.03.11-22.30.09:602][  0]LogLinker:Warning: Can't find file '/Game/Materials/M_Basic_Inst'
[2017.03.11-22.30.09:602][  0]LogLinker:Warning: Can't find file for asset '/Game/Materials/M_Basic_Inst' while loading ../../../../../../../Documents/SchoolWork/LMU/Spring2017/Thesis/GitRepo/ThesisGitRepo/The_Lunchbox_UE/Content/Props/Sets/Building_01.uasset.
[2017.03.11-22.30.09:602][  0]LoadErrors:Error: Error /Game/Props/Sets/Building_01 : Can't find file for asset. /Game/Materials/M_Basic_Inst
[2017.03.11-22.30.09:602][  0]LogLinker:Warning: Can't find file '/Game/Materials/M_Basic_Inst'
[2017.03.11-22.30.09:602][  0]LogLinker:Warning: Can't find file for asset '/Game/Materials/M_Basic_Inst' while loading ../../../../../../../Documents/SchoolWork/LMU/Spring2017/Thesis/GitRepo/ThesisGitRepo/The_Lunchbox_UE/Content/Props/Sets/Building_01.uasset.
[2017.03.11-22.30.09:602][  0]LoadErrors:Error: Error /Game/Props/Sets/Building_01 : Can't find file for asset. /Game/Materials/M_Basic_Inst
[2017.03.11-22.30.09:620][  0]LogLinker:Warning: Can't find file '/Game/Props/Sets/TestSets/M_Bartender'
[2017.03.11-22.30.09:620][  0]LogLinker:Warning: Can't find file for asset '/Game/Props/Sets/TestSets/M_Bartender' while loading ../../../../../../../Documents/SchoolWork/LMU/Spring2017/Thesis/GitRepo/ThesisGitRepo/The_Lunchbox_UE/Content/Props/Sets/TestSets/testSetCharacters1.uasset.
[2017.03.11-22.30.09:620][  0]LoadErrors:Error: Error /Game/Props/Sets/TestSets/testSetCharacters1 : Can't find file for asset. /Game/Props/Sets/TestSets/M_Bartender
[2017.03.11-22.30.09:624][  0]LogLinker:Warning: Can't find file '/Game/Props/Sets/TestSets/M_Bartender'
[2017.03.11-22.30.09:625][  0]LogLinker:Warning: Can't find file for asset '/Game/Props/Sets/TestSets/M_Bartender' while loading ../../../../../../../Documents/SchoolWork/LMU/Spring2017/Thesis/GitRepo/ThesisGitRepo/The_Lunchbox_UE/Content/Props/Sets/TestSets/testSetCharacters1.uasset.
[2017.03.11-22.30.09:625][  0]LoadErrors:Error: Error /Game/Props/Sets/TestSets/testSetCharacters1 : Can't find file for asset. /Game/Props/Sets/TestSets/M_Bartender
[2017.03.11-22.30.09:648][  0]LogLinker:Warning: Can't find file '/Engine/BasicShapes/M_GreenScreen'
[2017.03.11-22.30.09:648][  0]LogLinker:Warning: Can't find file for asset '/Engine/BasicShapes/M_GreenScreen' while loading NULL.
[2017.03.11-22.30.09:649][  0]LogLinker:Warning: Can't find file '/Engine/BasicShapes/M_MatWall_Inst'
[2017.03.11-22.30.09:649][  0]LogLinker:Warning: Can't find file for asset '/Engine/BasicShapes/M_MatWall_Inst' while loading NULL.
[2017.03.11-22.30.09:649][  0]LogLinker:Warning: Can't find file '/Engine/BasicShapes/M_GreenScreen'
[2017.03.11-22.30.09:649][  0]LogLinker:Warning: Can't find file for asset '/Engine/BasicShapes/M_GreenScreen' while loading NULL.
[2017.03.11-22.30.09:649][  0]LogLinker:Warning: Can't find file '/Engine/BasicShapes/M_MatWall_Inst'
[2017.03.11-22.30.09:649][  0]LogLinker:Warning: Can't find file for asset '/Engine/BasicShapes/M_MatWall_Inst' while loading NULL.
[2017.03.11-22.30.09:847][  0]LogLinker:Warning: Can't find file '/Engine/BasicShapes/M_GreenScreen'
[2017.03.11-22.30.09:847][  0]LoadErrors: Info Failed to load /Engine/BasicShapes/M_GreenScreen.M_GreenScreen Referenced by StaticMeshComponent0
[2017.03.11-22.30.09:847][  0]LogLinker:Warning: Can't find file for asset '/Engine/BasicShapes/M_GreenScreen' while loading NULL.
[2017.03.11-22.30.09:847][  0]LoadErrors: Info Failed to load /Engine/BasicShapes/M_GreenScreen.M_GreenScreen Referenced by StaticMeshComponent0
[2017.03.11-22.30.09:848][  0]LogLinker:Warning: Can't find file '/Engine/BasicShapes/M_GreenScreen'
[2017.03.11-22.30.09:848][  0]LoadErrors: Info Failed to load /Engine/BasicShapes/M_GreenScreen.M_GreenScreen Referenced by StaticMeshComponent0
[2017.03.11-22.30.09:848][  0]LogLinker:Warning: Can't find file for asset '/Engine/BasicShapes/M_GreenScreen' while loading NULL.
[2017.03.11-22.30.09:848][  0]LoadErrors: Info Failed to load /Engine/BasicShapes/M_GreenScreen.M_GreenScreen Referenced by StaticMeshComponent0
[2017.03.11-22.30.09:848][  0]LogLinker:Warning: Can't find file '/Engine/BasicShapes/M_GreenScreen'
[2017.03.11-22.30.09:848][  0]LoadErrors: Info Failed to load /Engine/BasicShapes/M_GreenScreen.M_GreenScreen Referenced by StaticMeshComponent0
[2017.03.11-22.30.09:848][  0]LogLinker:Warning: Can't find file for asset '/Engine/BasicShapes/M_GreenScreen' while loading NULL.
[2017.03.11-22.30.09:848][  0]LoadErrors: Info Failed to load /Engine/BasicShapes/M_GreenScreen.M_GreenScreen Referenced by StaticMeshComponent0
[2017.03.11-22.30.09:849][  0]LogLinker:Warning: Can't find file '/Engine/BasicShapes/M_MatWall_Inst'
[2017.03.11-22.30.09:849][  0]LoadErrors: Info Failed to load /Engine/BasicShapes/M_MatWall_Inst.M_MatWall_Inst Referenced by StaticMeshComponent0
[2017.03.11-22.30.09:849][  0]LogLinker:Warning: Can't find file for asset '/Engine/BasicShapes/M_MatWall_Inst' while loading NULL.
[2017.03.11-22.30.09:849][  0]LoadErrors: Info Failed to load /Engine/BasicShapes/M_MatWall_Inst.M_MatWall_Inst Referenced by StaticMeshComponent0
[2017.03.11-22.30.09:849][  0]LogLinker:Warning: Can't find file '/Engine/BasicShapes/M_MatWall_Inst'
[2017.03.11-22.30.09:849][  0]LoadErrors: Info Failed to load /Engine/BasicShapes/M_MatWall_Inst.M_MatWall_Inst Referenced by StaticMeshComponent0
[2017.03.11-22.30.09:849][  0]LogLinker:Warning: Can't find file for asset '/Engine/BasicShapes/M_MatWall_Inst' while loading NULL.
[2017.03.11-22.30.09:849][  0]LoadErrors: Info Failed to load /Engine/BasicShapes/M_MatWall_Inst.M_MatWall_Inst Referenced by StaticMeshComponent0
[2017.03.11-22.30.09:862][  0]LogLinker:Warning: Can't find file '/Game/Props/Sets/TestSets/M_Bartender'
[2017.03.11-22.30.09:862][  0]LoadErrors: Info Failed to load /Game/Props/Sets/TestSets/M_Bartender.M_Bartender Referenced by testSetCharacters1
[2017.03.11-22.30.09:862][  0]LogLinker:Warning: Can't find file for asset '/Game/Props/Sets/TestSets/M_Bartender' while loading NULL.
[2017.03.11-22.30.09:862][  0]LoadErrors: Info Failed to load /Game/Props/Sets/TestSets/M_Bartender.M_Bartender Referenced by testSetCharacters1
[2017.03.11-22.30.09:863][  0]LogLinker:Warning: Can't find file '/Game/Materials/M_Basic_Inst'
[2017.03.11-22.30.09:867][  0]LoadErrors: Info Failed to load /Game/Materials/M_Basic_Inst.M_Basic_Inst Referenced by Building_01
[2017.03.11-22.30.09:867][  0]LogLinker:Warning: Can't find file for asset '/Game/Materials/M_Basic_Inst' while loading NULL.
[2017.03.11-22.30.09:867][  0]LoadErrors: Info Failed to load /Game/Materials/M_Basic_Inst.M_Basic_Inst Referenced by Building_01
[2017.03.11-22.30.09:868][  0]LogLinker:Warning: Can't find file '/Game/Materials/M_Basic_Inst'
[2017.03.11-22.30.09:868][  0]LoadErrors: Info Failed to load /Game/Materials/M_Basic_Inst.M_Basic_Inst Referenced by Building_00
[2017.03.11-22.30.09:868][  0]LogLinker:Warning: Can't find file for asset '/Game/Materials/M_Basic_Inst' while loading NULL.
[2017.03.11-22.30.09:868][  0]LoadErrors: Info Failed to load /Game/Materials/M_Basic_Inst.M_Basic_Inst Referenced by Building_00
[2017.03.11-22.30.09:882][  0]LogLinker:Warning: Can't find file '/Game/Geometry/Materials/M_redTarget'
[2017.03.11-22.30.09:882][  0]LoadErrors: Info Failed to load /Game/Geometry/Materials/M_redTarget.M_redTarget Referenced by DestructibleFractureSettings_0
[2017.03.11-22.30.09:882][  0]LogLinker:Warning: Can't find file for asset '/Game/Geometry/Materials/M_redTarget' while loading NULL.
[2017.03.11-22.30.09:882][  0]LoadErrors: Info Failed to load /Game/Geometry/Materials/M_redTarget.M_redTarget Referenced by DestructibleFractureSettings_0
[2017.03.11-22.30.09:883][  0]LogLinker:Warning: Can't find file '/Game/Geometry/Materials/M_redTarget'
[2017.03.11-22.30.09:883][  0]LoadErrors: Info Failed to load /Game/Geometry/Materials/M_redTarget.M_redTarget Referenced by SM_TargetPlane_DM
[2017.03.11-22.30.09:883][  0]LogLinker:Warning: Can't find file for asset '/Game/Geometry/Materials/M_redTarget' while loading NULL.
[2017.03.11-22.30.09:883][  0]LoadErrors: Info Failed to load /Game/Geometry/Materials/M_redTarget.M_redTarget Referenced by SM_TargetPlane_DM
[2017.03.11-22.30.11:708][  0]LogAIModule: Creating AISystem for world MotionControllerMap
[2017.03.11-22.30.11:741][  0]LogEditorServer: Finished looking for orphan Actors (0.000 secs)
[2017.03.11-22.30.11:741][  0]Cmd: MAP CHECKDEP NOCLEARLOG
[2017.03.11-22.30.11:872][  0]MapCheck: Info Map check complete: 0 Error(s), 0 Warning(s), took 129.41ms to complete.
[2017.03.11-22.30.11:872][  0]LogFileHelpers: Loading map 'MotionControllerMap' took 3.850
[2017.03.11-22.30.12:109][  0]LogCollectionManager: Loaded 0 collections in 0.002290 seconds
[2017.03.11-22.30.12:144][  0]LogFileCache: Scanning file cache for directory 'X:/Documents/SchoolWork/LMU/Spring2017/Thesis/GitRepo/ThesisGitRepo/The_Lunchbox_UE/Saved/Collections/' took 0.01s
[2017.03.11-22.30.12:144][  0]LogFileCache: Scanning file cache for directory 'X:/Documents/SchoolWork/LMU/Spring2017/Thesis/GitRepo/ThesisGitRepo/The_Lunchbox_UE/Content/Developers/Zolrak/Collections/' took 0.00s
[2017.03.11-22.30.12:144][  0]LogFileCache: Scanning file cache for directory 'X:/Documents/SchoolWork/LMU/Spring2017/Thesis/GitRepo/ThesisGitRepo/The_Lunchbox_UE/Content/Collections/' took 0.00s
[2017.03.11-22.30.12:144][  0]LogCollectionManager: Rebuilt the GUID cache for 0 collections in 0.000003 seconds
[2017.03.11-22.30.12:155][  0]LogContentBrowser: Native class hierarchy populated in 0.0105 seconds. Added 2156 classes and 421 folders.
[2017.03.11-22.30.12:163][  0]LogStats: UGameplayTagsManager::ConstructGameplayTagTree: Construct from data asset -  0.000 s
[2017.03.11-22.30.12:163][  0]LogStats: UGameplayTagsManager::ConstructGameplayTagTree: GameplayTagTreeChangedEvent.Broadcast -  0.000 s
[2017.03.11-22.30.12:164][  0]LogContentBrowser: Native class hierarchy updated for 'GameplayTags' in 0.0008 seconds. Added 12 classes and 0 folders.
[2017.03.11-22.30.12:171][  0]LogContentBrowser: Native class hierarchy updated for 'WidgetCarousel' in 0.0006 seconds. Added 0 classes and 0 folders.
[2017.03.11-22.30.12:256][  0]LogContentBrowser: Native class hierarchy updated for 'AddContentDialog' in 0.0008 seconds. Added 0 classes and 0 folders.
[2017.03.11-22.30.12:262][  0]LogContentBrowser: Native class hierarchy updated for 'SceneOutliner' in 0.0006 seconds. Added 1 classes and 2 folders.
[2017.03.11-22.30.12:354][  0]LogCrashTracker: Crashtracker disabled due to settings.
[2017.03.11-22.30.12:376][  0]LogUObjectGlobals:Warning: Failed to find object 'Class None.'
[2017.03.11-22.30.12:404][  0]LogContentBrowser: Native class hierarchy updated for 'HierarchicalLODOutliner' in 0.0007 seconds. Added 1 classes and 2 folders.
[2017.03.11-22.30.12:404][  0]LogLoad: (Engine Initialization) Total time: 15.21 seconds
[2017.03.11-22.30.12:404][  0]LogLoad: (Engine Initialization) Total Blueprint compile time: 0.90 seconds
[2017.03.11-22.30.12:404][  0]LogExternalProfiler: Found external profiler: VSPerf
[2017.03.11-22.30.12:404][  0]LogExternalProfiler: Using external profiler: VSPerf
[2017.03.11-22.30.12:743][  0]LogOcInput: OculusInput pre-init called
[2017.03.11-22.30.12:765][  0]LogContentStreaming: Texture pool size now 1000 MB
[2017.03.11-22.30.12:902][  0]LogRenderer: Reallocating scene render targets to support 1476x536 (Frame:2).
[2017.03.11-22.30.13:430][  2]LogAssetRegistry: Asset discovery search completed in 9.3835 seconds
[2017.03.11-22.30.13:431][  2]LogCollectionManager: Rebuilt the object cache for 0 collections in 0.000001 seconds (found 0 objects)
[2017.03.11-22.30.13:431][  2]LogCollectionManager: Fixed up redirectors for 0 collections in 0.000027 seconds (updated 0 objects)
[2017.03.11-22.30.36:398][ 98]LogEditorViewport: Clicking on Actor (LMB): StaticMeshActor (MainSet)
[2017.03.11-22.30.52:180][581]LogEditorViewport: Clicking on Actor (LMB): StaticMeshActor (MainSet)
[2017.03.11-22.30.59:043][202]LogMaterial:Warning: Material /Game/Props/Sets/MainSaloon/Materials/M_WoodFloor.M_WoodFloor needed to have new flag set bUsedWithStaticLighting !
[2017.03.11-22.30.59:045][202]LogMaterial: Missing cached shader map for material M_WoodFloor, compiling. 
[2017.03.11-22.30.59:079][202]LogMaterial: 0.00 seconds spent updating 1 materials, 1 interfaces, 0 instances, 0 with static permutations.
[2017.03.11-22.31.23:092][318]LogSavePackage: Save=246.10ms
[2017.03.11-22.31.23:092][318]LogSavePackage: Moving '../../../../../../../Documents/SchoolWork/LMU/Spring2017/Thesis/GitRepo/ThesisGitRepo/The_Lunchbox_UE/Saved/MotionControllerMap2DA871924976BE0F14025699E8230FC3.tmp' to '../../../../../../../Documents/SchoolWork/LMU/Spring2017/Thesis/GitRepo/ThesisGitRepo/The_Lunchbox_UE/Content/Maps/MotionControllerMap.umap'
[2017.03.11-22.31.23:096][318]LogSavePackage:Display: Finished SavePackage ../../../../../../../Documents/SchoolWork/LMU/Spring2017/Thesis/GitRepo/ThesisGitRepo/The_Lunchbox_UE/Content/Maps/MotionControllerMap.umap
[2017.03.11-22.31.23:128][318]LogFileHelpers: Saving map 'MotionControllerMap' took 0.385
[2017.03.11-22.31.23:180][318]LogSavePackage: Save=15.28ms
[2017.03.11-22.31.23:180][318]LogSavePackage: Moving '../../../../../../../Documents/SchoolWork/LMU/Spring2017/Thesis/GitRepo/ThesisGitRepo/The_Lunchbox_UE/Saved/M_WoodFloor43B59DA64F2D6888551CCE85C82EF690.tmp' to '../../../../../../../Documents/SchoolWork/LMU/Spring2017/Thesis/GitRepo/ThesisGitRepo/The_Lunchbox_UE/Content/Props/Sets/MainSaloon/Materials/M_WoodFloor.uasset'
[2017.03.11-22.31.23:185][318]LogSavePackage:Display: Finished SavePackage ../../../../../../../Documents/SchoolWork/LMU/Spring2017/Thesis/GitRepo/ThesisGitRepo/The_Lunchbox_UE/Content/Props/Sets/MainSaloon/Materials/M_WoodFloor.uasset
[2017.03.11-22.31.23:229][318]LogSavePackage: Save=13.91ms
[2017.03.11-22.31.23:229][318]LogSavePackage: Moving '../../../../../../../Documents/SchoolWork/LMU/Spring2017/Thesis/GitRepo/ThesisGitRepo/The_Lunchbox_UE/Saved/M_WoodFloor_INST2321BA1343F44387F00116A4161303F7.tmp' to '../../../../../../../Documents/SchoolWork/LMU/Spring2017/Thesis/GitRepo/ThesisGitRepo/The_Lunchbox_UE/Content/Props/Sets/MainSaloon/Materials/M_WoodFloor_INST.uasset'
[2017.03.11-22.31.23:234][318]LogSavePackage:Display: Finished SavePackage ../../../../../../../Documents/SchoolWork/LMU/Spring2017/Thesis/GitRepo/ThesisGitRepo/The_Lunchbox_UE/Content/Props/Sets/MainSaloon/Materials/M_WoodFloor_INST.uasset
[2017.03.11-22.31.38:960][857]LogEditorViewport: Clicking on Actor (LMB): BP_Sky_Sphere_C (SkySphereBlueprint)
[2017.03.11-22.31.39:541][914]LogEditorViewport: Clicking on Actor (LMB): DirectionalLight (Light Source)
[2017.03.11-22.32.47:057][921]LogEditorViewport: Clicking on Actor (LMB): DirectionalLight (Light Source)
[2017.03.11-22.33.17:067][859]LogRenderer: Reallocating scene render targets to support 1476x924 (Frame:20466).
[2017.03.11-22.41.22:959][508]LogSavePackage: Save=321.46ms
[2017.03.11-22.41.22:959][508]LogSavePackage: Moving '../../../../../../../Documents/SchoolWork/LMU/Spring2017/Thesis/GitRepo/ThesisGitRepo/The_Lunchbox_UE/Saved/MotionControllerMap_Auto1F6FF956243BF91E0E1C5969FF60B9F71.tmp' to '../../../../../../../Documents/SchoolWork/LMU/Spring2017/Thesis/GitRepo/ThesisGitRepo/The_Lunchbox_UE/Saved/Autosaves/Game/Maps/MotionControllerMap_Auto1.umap'
[2017.03.11-22.41.22:962][508]LogSavePackage:Display: Finished SavePackage ../../../../../../../Documents/SchoolWork/LMU/Spring2017/Thesis/GitRepo/ThesisGitRepo/The_Lunchbox_UE/Saved/Autosaves/Game/Maps/MotionControllerMap_Auto1.umap
[2017.03.11-22.41.22:969][508]LogFileHelpers: Editor autosave (incl. sublevels) for '/Game/Maps/MotionControllerMap' took 0.381
[2017.03.11-22.41.22:969][508]LogFileHelpers: Editor autosave (incl. sublevels) for all levels took 0.381
[2017.03.11-22.52.42:237][ 15]LogSavePackage: Save=225.23ms
[2017.03.11-22.52.42:237][ 15]LogSavePackage: Moving '../../../../../../../Documents/SchoolWork/LMU/Spring2017/Thesis/GitRepo/ThesisGitRepo/The_Lunchbox_UE/Saved/MotionControllerMap094053B84F45E02132C4CB877BADFFC2.tmp' to '../../../../../../../Documents/SchoolWork/LMU/Spring2017/Thesis/GitRepo/ThesisGitRepo/The_Lunchbox_UE/Content/Maps/MotionControllerMap.umap'
[2017.03.11-22.52.42:241][ 15]LogSavePackage:Display: Finished SavePackage ../../../../../../../Documents/SchoolWork/LMU/Spring2017/Thesis/GitRepo/ThesisGitRepo/The_Lunchbox_UE/Content/Maps/MotionControllerMap.umap
[2017.03.11-22.52.42:270][ 15]LogFileHelpers: Saving map 'MotionControllerMap' took 0.370
[2017.03.11-22.52.42:540][ 16]Cmd: QUIT_EDITOR
[2017.03.11-22.52.42:569][ 16]LogWindowsTextInputMethodSystem:Display: IME system now deactivated.
[2017.03.11-22.52.42:569][ 16]LogWindowsTextInputMethodSystem:Display: IME system now deactivated.
[2017.03.11-22.52.42:596][ 16]LogExit: Preparing to exit.
[2017.03.11-22.52.43:051][ 16]LogDirectoryWatcher: A directory notification for 'X:/Documents/SchoolWork/LMU/Spring2017/Thesis/GitRepo/ThesisGitRepo/The_Lunchbox_UE/Content/' was aborted.
[2017.03.11-22.52.43:088][ 16]LogExit: Editor shut down
[2017.03.11-22.52.43:088][ 16]LogExit: Transaction tracking system shut down
[2017.03.11-22.52.43:221][ 16]LogObj: Freed 0b from 0 cluster array pools.
[2017.03.11-22.52.43:221][ 16]LogExit: Object subsystem successfully closed.
[2017.03.11-22.52.43:231][ 16]LogD3D11RHI: Shutdown
[2017.03.11-22.52.43:231][ 16]LogD3D11RHI: CleanupD3DDevice
[2017.03.11-22.52.43:307][ 16]LogD3D11RHI: ~FD3D11DynamicRHI
[2017.03.11-22.52.43:315][ 16]LogModuleManager: Shutting down and abandoning module MaterialEditor (237)
[2017.03.11-22.52.43:315][ 16]LogModuleManager: Shutting down and abandoning module HierarchicalLODUtilities (236)
[2017.03.11-22.52.43:315][ 16]LogModuleManager: Shutting down and abandoning module HierarchicalLODOutliner (235)
[2017.03.11-22.52.43:315][ 16]LogModuleManager: Shutting down and abandoning module CrashTracker (234)
[2017.03.11-22.52.43:315][ 16]LogModuleManager: Shutting down and abandoning module SceneOutliner (233)
[2017.03.11-22.52.43:315][ 16]LogModuleManager: Shutting down and abandoning module WidgetCarousel (232)
[2017.03.11-22.52.43:315][ 16]LogModuleManager: Shutting down and abandoning module AddContentDialog (231)
[2017.03.11-22.52.43:315][ 16]LogDirectoryWatcher: A directory notification for 'X:/Programs/Unreal Engine 4/Epic Games/4.13/FeaturePacks/' was aborted.
[2017.03.11-22.52.43:317][ 16]LogModuleManager: Shutting down and abandoning module GameplayTags (230)
[2017.03.11-22.52.43:317][ 16]LogModuleManager: Shutting down and abandoning module EditorWidgets (229)
[2017.03.11-22.52.43:317][ 16]LogModuleManager: Shutting down and abandoning module CollectionManager (228)
[2017.03.11-22.52.43:317][ 16]LogDirectoryWatcher: A directory notification for 'X:/Documents/SchoolWork/LMU/Spring2017/Thesis/GitRepo/ThesisGitRepo/The_Lunchbox_UE/Content/Collections/' was aborted.
[2017.03.11-22.52.43:317][ 16]LogDirectoryWatcher: A directory notification for 'X:/Documents/SchoolWork/LMU/Spring2017/Thesis/GitRepo/ThesisGitRepo/The_Lunchbox_UE/Content/Developers/Zolrak/Collections/' was aborted.
[2017.03.11-22.52.43:317][ 16]LogDirectoryWatcher: A directory notification for 'X:/Documents/SchoolWork/LMU/Spring2017/Thesis/GitRepo/ThesisGitRepo/The_Lunchbox_UE/Saved/Collections/' was aborted.
[2017.03.11-22.52.43:317][ 16]LogModuleManager: Shutting down and abandoning module StatsViewer (227)
[2017.03.11-22.52.43:317][ 16]LogModuleManager: Shutting down and abandoning module FoliageEdit (226)
[2017.03.11-22.52.43:317][ 16]LogModuleManager: Shutting down and abandoning module LandscapeEditor (225)
[2017.03.11-22.52.43:317][ 16]LogModuleManager: Shutting down and abandoning module SceneDepthPickerMode (224)
[2017.03.11-22.52.43:317][ 16]LogModuleManager: Shutting down and abandoning module ActorPickerMode (223)
[2017.03.11-22.52.43:317][ 16]LogModuleManager: Shutting down and abandoning module GeometryMode (222)
[2017.03.11-22.52.43:317][ 16]LogModuleManager: Shutting down and abandoning module TextureAlignMode (221)
[2017.03.11-22.52.43:317][ 16]LogModuleManager: Shutting down and abandoning module BspMode (220)
[2017.03.11-22.52.43:317][ 16]LogModuleManager: Shutting down and abandoning module HardwareSurvey (219)
[2017.03.11-22.52.43:317][ 16]LogModuleManager: Shutting down and abandoning module SequenceRecorderSections (218)
[2017.03.11-22.52.43:317][ 16]LogModuleManager: Shutting down and abandoning module SequenceRecorder (217)
[2017.03.11-22.52.43:317][ 16]LogModuleManager: Shutting down and abandoning module AutomationWorker (216)
[2017.03.11-22.52.43:317][ 16]LogModuleManager: Shutting down and abandoning module MatineeToLevelSequence (215)
[2017.03.11-22.52.43:317][ 16]LogModuleManager: Shutting down and abandoning module PlacementMode (214)
[2017.03.11-22.52.43:317][ 16]LogModuleManager: Shutting down and abandoning module LevelSequenceEditor (213)
[2017.03.11-22.52.43:317][ 16]LogModuleManager: Shutting down and abandoning module WmfMediaFactory (212)
[2017.03.11-22.52.43:317][ 16]LogModuleManager: Shutting down and abandoning module WmfMediaEditor (211)
[2017.03.11-22.52.43:317][ 16]LogModuleManager: Shutting down and abandoning module AvfMediaFactory (210)
[2017.03.11-22.52.43:317][ 16]LogModuleManager: Shutting down and abandoning module AvfMediaEditor (209)
[2017.03.11-22.52.43:317][ 16]LogModuleManager: Shutting down and abandoning module Media (208)
[2017.03.11-22.52.43:317][ 16]LogModuleManager: Shutting down and abandoning module AndroidMediaFactory (207)
[2017.03.11-22.52.43:317][ 16]LogModuleManager: Shutting down and abandoning module AndroidMediaEditor (206)
[2017.03.11-22.52.43:317][ 16]LogModuleManager: Shutting down and abandoning module CharacterAI (205)
[2017.03.11-22.52.43:317][ 16]LogModuleManager: Shutting down and abandoning module SmartSnapping (204)
[2017.03.11-22.52.43:317][ 16]LogModuleManager: Shutting down and abandoning module SessionServices (203)
[2017.03.11-22.52.43:317][ 16]LogModuleManager: Shutting down and abandoning module ViewportSnapping (202)
[2017.03.11-22.52.43:317][ 16]LogModuleManager: Shutting down and abandoning module ViewportInteraction (201)
[2017.03.11-22.52.43:317][ 16]LogModuleManager: Shutting down and abandoning module LogVisualizer (200)
[2017.03.11-22.52.43:318][ 16]LogModuleManager: Shutting down and abandoning module GameProjectGeneration (199)
[2017.03.11-22.52.43:318][ 16]LogModuleManager: Shutting down and abandoning module IntroTutorials (198)
[2017.03.11-22.52.43:318][ 16]LogModuleManager: Shutting down and abandoning module EditorLiveStreaming (197)
[2017.03.11-22.52.43:318][ 16]LogModuleManager: Shutting down and abandoning module IOSPlatformEditor (196)
[2017.03.11-22.52.43:318][ 16]LogModuleManager: Shutting down and abandoning module HTML5PlatformEditor (195)
[2017.03.11-22.52.43:318][ 16]LogModuleManager: Shutting down and abandoning module AndroidDeviceDetection (194)
[2017.03.11-22.52.44:043][ 16]LogModuleManager: Shutting down and abandoning module AndroidPlatformEditor (193)
[2017.03.11-22.52.44:043][ 16]LogModuleManager: Shutting down and abandoning module IOSRuntimeSettings (192)
[2017.03.11-22.52.44:043][ 16]LogModuleManager: Shutting down and abandoning module AndroidRuntimeSettings (191)
[2017.03.11-22.52.44:043][ 16]LogModuleManager: Shutting down and abandoning module NiagaraEditor (190)
[2017.03.11-22.52.44:043][ 16]LogModuleManager: Shutting down and abandoning module MergeActors (189)
[2017.03.11-22.52.44:043][ 16]LogModuleManager: Shutting down and abandoning module SizeMap (188)
[2017.03.11-22.52.44:043][ 16]LogModuleManager: Shutting down and abandoning module TreeMap (187)
[2017.03.11-22.52.44:043][ 16]LogModuleManager: Shutting down and abandoning module ReferenceViewer (186)
[2017.03.11-22.52.44:043][ 16]LogModuleManager: Shutting down and abandoning module LocalizationService (185)
[2017.03.11-22.52.44:043][ 16]LogModuleManager: Shutting down and abandoning module LocalizationDashboard (184)
[2017.03.11-22.52.44:043][ 16]LogModuleManager: Shutting down and abandoning module HardwareTargeting (183)
[2017.03.11-22.52.44:043][ 16]LogModuleManager: Shutting down and abandoning module DeviceProfileEditor (182)
[2017.03.11-22.52.44:043][ 16]LogModuleManager: Shutting down and abandoning module UndoHistory (181)
[2017.03.11-22.52.44:043][ 16]LogModuleManager: Shutting down and abandoning module UserFeedback (180)
[2017.03.11-22.52.44:043][ 16]LogModuleManager: Shutting down and abandoning module XmlParser (179)
[2017.03.11-22.52.44:043][ 16]LogModuleManager: Shutting down and abandoning module Blutility (178)
[2017.03.11-22.52.44:043][ 16]LogModuleManager: Shutting down and abandoning module ProjectTargetPlatformEditor (177)
[2017.03.11-22.52.44:043][ 16]LogModuleManager: Shutting down and abandoning module ProjectSettingsViewer (176)
[2017.03.11-22.52.44:043][ 16]LogModuleManager: Shutting down and abandoning module InputBindingEditor (175)
[2017.03.11-22.52.44:044][ 16]LogModuleManager: Shutting down and abandoning module EditorSettingsViewer (174)
[2017.03.11-22.52.44:044][ 16]LogModuleManager: Shutting down and abandoning module SettingsEditor (173)
[2017.03.11-22.52.44:044][ 16]LogModuleManager: Shutting down and abandoning module ProjectLauncher (172)
[2017.03.11-22.52.44:044][ 16]LogModuleManager: Shutting down and abandoning module SessionFrontend (171)
[2017.03.11-22.52.44:044][ 16]LogModuleManager: Shutting down and abandoning module ProfilerClient (170)
[2017.03.11-22.52.44:044][ 16]LogModuleManager: Shutting down and abandoning module TargetDeviceServices (169)
[2017.03.11-22.52.44:044][ 16]LogModuleManager: Shutting down and abandoning module DeviceManager (168)
[2017.03.11-22.52.44:086][ 16]LogModuleManager: Shutting down and abandoning module AutomationController (167)
[2017.03.11-22.52.44:086][ 16]LogModuleManager: Shutting down and abandoning module AutomationWindow (166)
[2017.03.11-22.52.44:086][ 16]LogModuleManager: Shutting down and abandoning module Layers (165)
[2017.03.11-22.52.44:086][ 16]LogModuleManager: Shutting down and abandoning module ComponentVisualizers (164)
[2017.03.11-22.52.44:086][ 16]LogModuleManager: Shutting down and abandoning module DetailCustomizations (163)
[2017.03.11-22.52.44:086][ 16]LogModuleManager: Shutting down and abandoning module PackagesDialog (162)
[2017.03.11-22.52.44:086][ 16]LogModuleManager: Shutting down and abandoning module AnimGraph (161)
[2017.03.11-22.52.44:086][ 16]LogModuleManager: Shutting down and abandoning module Persona (160)
[2017.03.11-22.52.44:086][ 16]LogModuleManager: Shutting down and abandoning module Kismet (159)
[2017.03.11-22.52.44:088][ 16]LogModuleManager: Shutting down and abandoning module GraphEditor (158)
[2017.03.11-22.52.44:088][ 16]LogModuleManager: Shutting down and abandoning module ClassViewer (157)
[2017.03.11-22.52.44:088][ 16]LogModuleManager: Shutting down and abandoning module Toolbox (156)
[2017.03.11-22.52.44:088][ 16]LogModuleManager: Shutting down and abandoning module ModuleUI (155)
[2017.03.11-22.52.44:088][ 16]LogModuleManager: Shutting down and abandoning module MovieSceneTools (154)
[2017.03.11-22.52.44:088][ 16]LogModuleManager: Shutting down and abandoning module OutputLog (153)
[2017.03.11-22.52.44:088][ 16]LogModuleManager: Shutting down and abandoning module GammaUI (152)
[2017.03.11-22.52.44:088][ 16]LogModuleManager: Shutting down and abandoning module Documentation (151)
[2017.03.11-22.52.44:088][ 16]LogModuleManager: Shutting down and abandoning module Niagara (150)
[2017.03.11-22.52.44:088][ 16]LogModuleManager: Shutting down and abandoning module StreamingPauseRendering (149)
[2017.03.11-22.52.44:088][ 16]LogModuleManager: Shutting down and abandoning module AnalyticsET (148)
[2017.03.11-22.52.44:088][ 16]LogModuleManager: Shutting down and abandoning module PortalServices (147)
[2017.03.11-22.52.44:088][ 16]LogModuleManager: Shutting down and abandoning module PortalRpc (146)
[2017.03.11-22.52.44:088][ 16]LogModuleManager: Shutting down and abandoning module MessagingRpc (145)
[2017.03.11-22.52.44:088][ 16]LogModuleManager: Shutting down and abandoning module GameplayDebugger (144)
[2017.03.11-22.52.44:088][ 16]LogModuleManager: Shutting down and abandoning module AITestSuite (143)
[2017.03.11-22.52.44:088][ 16]LogModuleManager: Shutting down and abandoning module AIModule (142)
[2017.03.11-22.52.44:088][ 16]LogModuleManager: Shutting down and abandoning module ProfilerService (141)
[2017.03.11-22.52.44:280][ 16]LogModuleManager: Shutting down and abandoning module TaskGraph (140)
[2017.03.11-22.52.44:280][ 16]LogModuleManager: Shutting down and abandoning module SubstanceEditor (139)
[2017.03.11-22.52.44:301][ 16]LogModuleManager: Shutting down and abandoning module SlateRemote (138)
[2017.03.11-22.52.44:301][ 16]LogModuleManager: Shutting down and abandoning module SteamVRController (137)
[2017.03.11-22.52.44:301][ 16]LogModuleManager: Shutting down and abandoning module SteamVR (136)
[2017.03.11-22.52.44:301][ 16]LogModuleManager: Shutting down and abandoning module ProceduralMeshComponentEditor (135)
[2017.03.11-22.52.44:301][ 16]LogModuleManager: Shutting down and abandoning module ProceduralMeshComponent (134)
[2017.03.11-22.52.44:301][ 16]LogModuleManager: Shutting down and abandoning module OculusLibrary (133)
[2017.03.11-22.52.44:301][ 16]LogModuleManager: Shutting down and abandoning module OculusInput (132)
[2017.03.11-22.52.44:301][ 16]LogModuleManager: Shutting down and abandoning module CustomMeshComponent (131)
[2017.03.11-22.52.44:301][ 16]LogModuleManager: Shutting down and abandoning module CableComponent (130)
[2017.03.11-22.52.44:301][ 16]LogModuleManager: Shutting down and abandoning module ArchVisCharacter (129)
[2017.03.11-22.52.44:301][ 16]LogModuleManager: Shutting down and abandoning module MediaPlayerEditor (127)
[2017.03.11-22.52.44:301][ 16]LogModuleManager: Shutting down and abandoning module HTML5Networking (126)
[2017.03.11-22.52.44:301][ 16]LogModuleManager: Shutting down and abandoning module GeometryCacheEd (125)
[2017.03.11-22.52.44:301][ 16]LogModuleManager: Shutting down and abandoning module GeometryCache (124)
[2017.03.11-22.52.44:301][ 16]LogModuleManager: Shutting down and abandoning module AlembicLibrary (123)
[2017.03.11-22.52.44:301][ 16]LogModuleManager: Shutting down and abandoning module AlembicImporter (122)
[2017.03.11-22.52.44:301][ 16]LogModuleManager: Shutting down and abandoning module SuperSearch (121)
[2017.03.11-22.52.44:301][ 16]LogModuleManager: Shutting down and abandoning module SuperSearchEditor (120)
[2017.03.11-22.52.44:301][ 16]LogModuleManager: Shutting down and abandoning module SpeedTreeImporter (119)
[2017.03.11-22.52.44:301][ 16]LogModuleManager: Shutting down and abandoning module PluginBrowser (118)
[2017.03.11-22.52.44:301][ 16]LogModuleManager: Shutting down and abandoning module MobileLauncherProfileWizard (117)
[2017.03.11-22.52.44:301][ 16]LogModuleManager: Shutting down and abandoning module EpicSurvey (116)
[2017.03.11-22.52.44:301][ 16]LogModuleManager: Shutting down and abandoning module DesktopPlatform (115)
[2017.03.11-22.52.44:301][ 16]LogModuleManager: Shutting down and abandoning module VisualStudioSourceCodeAccess (114)
[2017.03.11-22.52.44:301][ 16]LogModuleManager: Shutting down and abandoning module UObjectPlugin (113)
[2017.03.11-22.52.44:301][ 16]LogModuleManager: Shutting down and abandoning module SubversionSourceControl (112)
[2017.03.11-22.52.44:301][ 16]LogModuleManager: Shutting down and abandoning module PerforceSourceControl (111)
[2017.03.11-22.52.44:301][ 16]LogModuleManager: Shutting down and abandoning module SourceControl (110)
[2017.03.11-22.52.44:301][ 16]LogModuleManager: Shutting down and abandoning module GitSourceControl (109)
[2017.03.11-22.52.44:301][ 16]LogModuleManager: Shutting down and abandoning module LightPropagationVolumeEditor (108)
[2017.03.11-22.52.44:301][ 16]LogModuleManager: Shutting down and abandoning module PaperTiledImporter (107)
[2017.03.11-22.52.44:301][ 16]LogModuleManager: Shutting down and abandoning module PaperSpriteSheetImporter (106)
[2017.03.11-22.52.44:301][ 16]LogModuleManager: Shutting down and abandoning module MeshPaint (105)
[2017.03.11-22.52.44:301][ 16]LogModuleManager: Shutting down and abandoning module FbxAutomationBuilderModule (104)
[2017.03.11-22.52.44:301][ 16]LogModuleManager: Shutting down and abandoning module PixelInspectorModule (103)
[2017.03.11-22.52.44:301][ 16]LogModuleManager: Shutting down and abandoning module HotReload (102)
[2017.03.11-22.52.44:302][ 16]LogModuleManager: Shutting down and abandoning module MainFrame (101)
[2017.03.11-22.52.44:302][ 16]LogModuleManager: Shutting down and abandoning module LevelEditor (100)
[2017.03.11-22.52.44:303][ 16]LogModuleManager: Shutting down and abandoning module ContentBrowser (99)
[2017.03.11-22.52.44:303][ 16]LogModuleManager: Shutting down and abandoning module Paper2DEditor (98)
[2017.03.11-22.52.44:303][ 16]LogModuleManager: Shutting down and abandoning module UdpMessaging (97)
[2017.03.11-22.52.44:404][ 16]LogModuleManager: Shutting down and abandoning module TcpMessaging (96)
[2017.03.11-22.52.44:504][ 16]LogModuleManager: Shutting down and abandoning module SubstanceCore (95)
[2017.03.11-22.52.44:504][ 16]LogModuleManager: Shutting down and abandoning module LightPropagationVolumeRuntime (94)
[2017.03.11-22.52.44:504][ 16]LogModuleManager: Shutting down and abandoning module Paper2D (93)
[2017.03.11-22.52.44:504][ 16]LogModuleManager: Shutting down and abandoning module WindowsMoviePlayer (92)
[2017.03.11-22.52.44:504][ 16]LogModuleManager: Shutting down and abandoning module WmfMedia (91)
[2017.03.11-22.52.44:504][ 16]LogModuleManager: Shutting down and abandoning module MediaAssets (90)
[2017.03.11-22.52.44:504][ 16]LogModuleManager: Shutting down and abandoning module GameLiveStreaming (89)
[2017.03.11-22.52.44:504][ 16]LogModuleManager: Shutting down and abandoning module GameplayTagsEditor (88)
[2017.03.11-22.52.44:504][ 16]LogModuleManager: Shutting down and abandoning module VREditor (87)
[2017.03.11-22.52.44:504][ 16]LogModuleManager: Shutting down and abandoning module GameplayTasksEditor (86)
[2017.03.11-22.52.44:504][ 16]LogModuleManager: Shutting down and abandoning module PropertyEditor (85)
[2017.03.11-22.52.44:504][ 16]LogModuleManager: Shutting down and abandoning module BehaviorTreeEditor (84)
[2017.03.11-22.52.44:504][ 16]LogModuleManager: Shutting down and abandoning module FunctionalTesting (83)
[2017.03.11-22.52.44:504][ 16]LogModuleManager: Shutting down and abandoning module CollisionAnalyzer (82)
[2017.03.11-22.52.44:505][ 16]LogModuleManager: Shutting down and abandoning module Sequencer (81)
[2017.03.11-22.52.44:505][ 16]LogModuleManager: Shutting down and abandoning module WorkspaceMenuStructure (80)
[2017.03.11-22.52.44:505][ 16]LogModuleManager: Shutting down and abandoning module MessageLog (79)
[2017.03.11-22.52.44:505][ 16]LogModuleManager: Shutting down and abandoning module AssetTools (78)
[2017.03.11-22.52.44:505][ 16]LogModuleManager: Shutting down and abandoning module UMGEditor (77)
[2017.03.11-22.52.44:505][ 16]LogModuleManager: Shutting down and abandoning module UMG (76)
[2017.03.11-22.52.44:505][ 16]LogModuleManager: Shutting down and abandoning module SlateReflector (75)
[2017.03.11-22.52.44:505][ 16]LogModuleManager: Shutting down and abandoning module Slate (74)
[2017.03.11-22.52.44:505][ 16]LogModuleManager: Shutting down and abandoning module EditorStyle (73)
[2017.03.11-22.52.44:507][ 16]LogModuleManager: Shutting down and abandoning module SourceCodeAccess (72)
[2017.03.11-22.52.44:507][ 16]LogModuleManager: Shutting down and abandoning module HeadMountedDisplay (71)
[2017.03.11-22.52.44:507][ 16]LogModuleManager: Shutting down and abandoning module XAudio2 (70)
[2017.03.11-22.52.44:507][ 16]LogModuleManager: Shutting down and abandoning module Networking (68)
[2017.03.11-22.52.44:507][ 16]LogModuleManager: Shutting down and abandoning module Core (67)
[2017.03.11-22.52.44:507][ 16]LogModuleManager: Shutting down and abandoning module DirectoryWatcher (66)
[2017.03.11-22.52.44:507][ 16]LogDirectoryWatcher: A directory notification for '../../../Engine/Content/' was aborted.
[2017.03.11-22.52.44:507][ 16]LogDirectoryWatcher: A directory notification for '../../../../../../../Documents/SchoolWork/LMU/Spring2017/Thesis/GitRepo/ThesisGitRepo/The_Lunchbox_UE/Content/' was aborted.
[2017.03.11-22.52.44:507][ 16]LogDirectoryWatcher: A directory notification for '../../../Engine/Plugins/2D/Paper2D/Content/' was aborted.
[2017.03.11-22.52.44:507][ 16]LogModuleManager: Shutting down and abandoning module AssetRegistry (65)
[2017.03.11-22.52.44:626][ 16]LogModuleManager: Shutting down and abandoning module KismetCompiler (64)
[2017.03.11-22.52.44:626][ 16]LogModuleManager: Shutting down and abandoning module PhysXFormats (63)
[2017.03.11-22.52.44:626][ 16]LogModuleManager: Shutting down and abandoning module MeshUtilities (62)
[2017.03.11-22.52.44:626][ 16]LogModuleManager: Shutting down and abandoning module DerivedDataCache (61)
[2017.03.11-22.52.44:680][ 16]LogDerivedDataCache: Shutdown
[2017.03.11-22.52.44:680][ 16]LogModuleManager: Shutting down and abandoning module VulkanShaderFormat (60)
[2017.03.11-22.52.44:680][ 16]LogModuleManager: Shutting down and abandoning module ShaderFormatOpenGL (59)
[2017.03.11-22.52.44:680][ 16]LogModuleManager: Shutting down and abandoning module ShaderFormatD3D (58)
[2017.03.11-22.52.44:680][ 16]LogModuleManager: Shutting down and abandoning module MetalShaderFormat (57)
[2017.03.11-22.52.44:680][ 16]LogModuleManager: Shutting down and abandoning module TextureFormatUncompressed (56)
[2017.03.11-22.52.44:680][ 16]LogModuleManager: Shutting down and abandoning module TextureFormatPVR (55)
[2017.03.11-22.52.44:680][ 16]LogModuleManager: Shutting down and abandoning module TextureFormatDXT (54)
[2017.03.11-22.52.44:680][ 16]LogModuleManager: Shutting down and abandoning module TextureFormatIntelISPCTexComp (53)
[2017.03.11-22.52.44:680][ 16]LogModuleManager: Shutting down and abandoning module ImageWrapper (52)
[2017.03.11-22.52.44:680][ 16]LogModuleManager: Shutting down and abandoning module TextureFormatASTC (51)
[2017.03.11-22.52.44:680][ 16]LogModuleManager: Shutting down and abandoning module TextureFormatAndroid (50)
[2017.03.11-22.52.44:680][ 16]LogModuleManager: Shutting down and abandoning module AudioFormatOpus (49)
[2017.03.11-22.52.44:680][ 16]LogModuleManager: Shutting down and abandoning module AudioFormatOgg (48)
[2017.03.11-22.52.44:680][ 16]LogModuleManager: Shutting down and abandoning module AudioFormatADPCM (47)
[2017.03.11-22.52.44:680][ 16]LogModuleManager: Shutting down and abandoning module LinuxTargetPlatform (46)
[2017.03.11-22.52.44:680][ 16]LogModuleManager: Shutting down and abandoning module LinuxServerTargetPlatform (45)
[2017.03.11-22.52.44:680][ 16]LogModuleManager: Shutting down and abandoning module LinuxNoEditorTargetPlatform (44)
[2017.03.11-22.52.44:680][ 16]LogModuleManager: Shutting down and abandoning module LinuxClientTargetPlatform (43)
[2017.03.11-22.52.44:680][ 16]LogModuleManager: Shutting down and abandoning module TVOSTargetPlatform (42)
[2017.03.11-22.52.44:680][ 16]LogModuleManager: Shutting down and abandoning module Messaging (41)
[2017.03.11-22.52.44:680][ 16]LogModuleManager: Shutting down and abandoning module IOSTargetPlatform (40)
[2017.03.11-22.52.44:680][ 16]LogModuleManager: Shutting down and abandoning module HTML5TargetPlatform (39)
[2017.03.11-22.52.44:680][ 16]LogModuleManager: Shutting down and abandoning module Android_PVRTCTargetPlatform (38)
[2017.03.11-22.52.44:680][ 16]LogModuleManager: Shutting down and abandoning module Android_MultiTargetPlatform (37)
[2017.03.11-22.52.44:680][ 16]LogModuleManager: Shutting down and abandoning module Android_ETC2TargetPlatform (36)
[2017.03.11-22.52.44:680][ 16]LogModuleManager: Shutting down and abandoning module Android_ETC1TargetPlatform (35)
[2017.03.11-22.52.44:680][ 16]LogModuleManager: Shutting down and abandoning module Android_DXTTargetPlatform (34)
[2017.03.11-22.52.44:680][ 16]LogModuleManager: Shutting down and abandoning module Android_ATCTargetPlatform (33)
[2017.03.11-22.52.44:680][ 16]LogModuleManager: Shutting down and abandoning module Android_ASTCTargetPlatform (32)
[2017.03.11-22.52.44:680][ 16]LogModuleManager: Shutting down and abandoning module AndroidTargetPlatform (31)
[2017.03.11-22.52.44:680][ 16]LogModuleManager: Shutting down and abandoning module WindowsTargetPlatform (30)
[2017.03.11-22.52.44:680][ 16]LogModuleManager: Shutting down and abandoning module WindowsServerTargetPlatform (29)
[2017.03.11-22.52.44:680][ 16]LogModuleManager: Shutting down and abandoning module WindowsNoEditorTargetPlatform (28)
[2017.03.11-22.52.44:681][ 16]LogModuleManager: Shutting down and abandoning module WindowsClientTargetPlatform (27)
[2017.03.11-22.52.44:681][ 16]LogModuleManager: Shutting down and abandoning module AllDesktopTargetPlatform (26)
[2017.03.11-22.52.44:681][ 16]LogModuleManager: Shutting down and abandoning module TargetPlatform (25)
[2017.03.11-22.52.44:681][ 16]LogModuleManager: Shutting down and abandoning module InputCore (24)
[2017.03.11-22.52.44:681][ 16]LogModuleManager: Shutting down and abandoning module Settings (23)
[2017.03.11-22.52.44:681][ 16]LogModuleManager: Shutting down and abandoning module OculusRift (22)
[2017.03.11-22.52.44:681][ 16]LogModuleManager: Shutting down and abandoning module GearVR (21)
[2017.03.11-22.52.44:681][ 16]LogModuleManager: Shutting down and abandoning module ExampleDeviceProfileSelector (20)
[2017.03.11-22.52.44:681][ 16]LogModuleManager: Shutting down and abandoning module OnlineBlueprintSupport (19)
[2017.03.11-22.52.44:681][ 16]LogModuleManager: Shutting down and abandoning module OnlineSubsystem (17)
[2017.03.11-22.52.44:681][ 16]LogOnline:Display: Unloading online subsystem: NULL
[2017.03.11-22.52.44:681][ 16]LogModuleManager: Shutting down and abandoning module HTTP (16)
[2017.03.11-22.52.44:681][ 16]LogHttp:Display: Http module shutting down, but needs to wait on 1 outstanding Http requests:
[2017.03.11-22.52.44:681][ 16]LogHttp:Display: 	verb=[POST] url=[https://datarouter.ol.epicgames.com/datarouter/api/v1/public/data?SessionID=%7BA62D76AE-4D68-F262-CF9E-8EB1EA79296A%7D&AppID=UEEditor.Rocket.Release&AppVersion=4.13.1-3142249%2B%2B%2BUE4%2BRelease-4.13&UserID=fbbe31d64a36f5ba75176c95794fe085%7C582ce8a3e1aa45319502395355a6a293%7C6653590a-540d-490e-a05a-14d42d220633&AppEnvironment=datacollector-binary&UploadType=eteventstream] status=Processing
[2017.03.11-22.52.44:700][ 16]LogModuleManager: Shutting down and abandoning module XMPP (15)
[2017.03.11-22.52.44:700][ 16]LogModuleManager: Shutting down and abandoning module TextureCompressor (14)
[2017.03.11-22.52.44:700][ 16]LogModuleManager: Shutting down and abandoning module ShaderCore (13)
[2017.03.11-22.52.44:700][ 16]LogModuleManager: Shutting down and abandoning module Landscape (12)
[2017.03.11-22.52.44:700][ 16]LogModuleManager: Shutting down and abandoning module SlateRHIRenderer (11)
[2017.03.11-22.52.44:701][ 16]LogModuleManager: Shutting down and abandoning module OpenGLDrv (10)
[2017.03.11-22.52.44:701][ 16]LogModuleManager: Shutting down and abandoning module D3D11RHI (9)
[2017.03.11-22.52.44:701][ 16]LogModuleManager: Shutting down and abandoning module AnimGraphRuntime (8)
[2017.03.11-22.52.44:701][ 16]LogModuleManager: Shutting down and abandoning module Renderer (7)
[2017.03.11-22.52.44:701][ 16]LogModuleManager: Shutting down and abandoning module Engine (6)
[2017.03.11-22.52.44:701][ 16]LogModuleManager: Shutting down and abandoning module CoreUObject (5)
[2017.03.11-22.52.44:701][ 16]LogModuleManager: Shutting down and abandoning module NetworkFile (4)
[2017.03.11-22.52.44:701][ 16]LogModuleManager: Shutting down and abandoning module StreamingFile (3)
[2017.03.11-22.52.44:701][ 16]LogModuleManager: Shutting down and abandoning module SandboxFile (2)
[2017.03.11-22.52.44:701][ 16]LogModuleManager: Shutting down and abandoning module PakFile (1)
[2017.03.11-22.52.44:703][ 16]LogExit: Exiting.
[2017.03.11-22.52.44:717][ 16]Log file closed, 03/11/17 14:52:44
